round=1 score=1 result=score epsilon=0.4487 reward=5.0000 loss=NA
round=1 score=2 result=score epsilon=0.4474 reward=10.0000 loss=NA
round=1 score=-1 result=score epsilon=0.4462 reward=-5.0000 loss=NA
round=1 score=3 result=score epsilon=0.4449 reward=15.0000 loss=NA
round=1 score=1 result=score epsilon=0.4436 reward=5.0000 loss=NA
round=1 score=1 result=score epsilon=0.4423 reward=5.0000 loss=NA
round=1 score=-1 result=score epsilon=0.4410 reward=-5.0000 loss=NA
round=1 score=-2 result=score epsilon=0.4398 reward=-10.0000 loss=7.896748065948486
round=1 score=-1 result=score epsilon=0.4385 reward=-5.0000 loss=9.274198532104492
round=1 score=-2 result=score epsilon=0.4372 reward=-10.0000 loss=8.807554244995117
round=1 score=1 result=score epsilon=0.4359 reward=5.0000 loss=9.383234024047852
round=1 score=-1 result=score epsilon=0.4346 reward=-5.0000 loss=8.782000541687012
round=1 score=3 result=score epsilon=0.4334 reward=15.0000 loss=9.069450378417969
round=1 score=2 result=score epsilon=0.4321 reward=10.0000 loss=6.9586310386657715
round=1 score=-2 result=score epsilon=0.4308 reward=-10.0000 loss=10.290870666503906
round=1 score=-3 result=score epsilon=0.4295 reward=-15.0000 loss=8.210624694824219
round=1 score=2 result=score epsilon=0.4282 reward=10.0000 loss=13.57133674621582
round=1 score=-1 result=score epsilon=0.4270 reward=-5.0000 loss=13.163826942443848
round=1 score=-1 result=score epsilon=0.4257 reward=-5.0000 loss=7.513269424438477
round=1 score=-1 result=score epsilon=0.4244 reward=-5.0000 loss=14.38664436340332
round=1 score=-4 result=score epsilon=0.4231 reward=-20.0000 loss=13.714296340942383
round=1 score=-2 result=score epsilon=0.4218 reward=-10.0000 loss=12.416803359985352
round=1 score=-1 result=score epsilon=0.4206 reward=-5.0000 loss=15.160964012145996
round=1 score=2 result=score epsilon=0.4193 reward=10.0000 loss=13.600854873657227
round=1 score=-1 result=score epsilon=0.4180 reward=-5.0000 loss=13.344587326049805
round=1 score=5 result=score epsilon=0.4167 reward=20.0000 loss=11.042961120605469
round=1 score=2 result=score epsilon=0.4154 reward=10.0000 loss=10.702743530273438
round=1 score=-2 result=score epsilon=0.4142 reward=-10.0000 loss=15.427926063537598
round=1 score=3 result=score epsilon=0.4129 reward=15.0000 loss=11.726673126220703
round=1 score=-2 result=score epsilon=0.4116 reward=-10.0000 loss=17.285470962524414
round=1 score=-1 result=score epsilon=0.4103 reward=-5.0000 loss=23.88726043701172
round=1 score=-1 result=score epsilon=0.4090 reward=-5.0000 loss=23.219810485839844
round=1 score=1 result=score epsilon=0.4078 reward=5.0000 loss=16.8203067779541
round=1 score=-1 result=score epsilon=0.4065 reward=-5.0000 loss=25.955570220947266
round=1 score=1 result=score epsilon=0.4052 reward=5.0000 loss=21.332324981689453
round=1 score=1 result=score epsilon=0.4039 reward=5.0000 loss=24.838775634765625
round=1 score=1 result=score epsilon=0.4026 reward=5.0000 loss=20.367990493774414
round=1 score=3 result=score epsilon=0.4014 reward=15.0000 loss=23.319049835205078
round=1 score=1 result=score epsilon=0.4001 reward=5.0000 loss=19.234264373779297
round=1 score=-2 result=score epsilon=0.3988 reward=-10.0000 loss=26.251361846923828
round=1 score=1 result=score epsilon=0.3975 reward=5.0000 loss=18.08269500732422
round=1 score=1 result=score epsilon=0.3962 reward=5.0000 loss=26.787818908691406
round=1 score=-1 result=score epsilon=0.3950 reward=-5.0000 loss=20.190921783447266
round=1 score=1 result=score epsilon=0.3937 reward=5.0000 loss=17.412328720092773
round=1 score=-1 result=score epsilon=0.3924 reward=-5.0000 loss=16.09964370727539
round=1 score=-1 result=score epsilon=0.3911 reward=-5.0000 loss=21.07867431640625
round=1 score=-2 result=score epsilon=0.3898 reward=-10.0000 loss=19.20470428466797
round=1 score=1 result=score epsilon=0.3886 reward=5.0000 loss=20.852737426757812
round=1 score=1 result=score epsilon=0.3873 reward=5.0000 loss=17.373443603515625
round=1 score=-1 result=score epsilon=0.3860 reward=-5.0000 loss=25.77559471130371
round=1 score=1 result=score epsilon=0.3847 reward=5.0000 loss=17.964872360229492
round=1 score=-1 result=score epsilon=0.3834 reward=-5.0000 loss=35.15143585205078
round=1 score=-3 result=score epsilon=0.3822 reward=-15.0000 loss=31.694440841674805
round=1 score=-3 result=score epsilon=0.3809 reward=-15.0000 loss=28.321659088134766
round=1 score=-1 result=score epsilon=0.3796 reward=-5.0000 loss=26.164413452148438
round=1 score=-1 result=score epsilon=0.3783 reward=-5.0000 loss=18.81295394897461
round=1 score=-1 result=score epsilon=0.3770 reward=-5.0000 loss=27.555835723876953
round=1 score=-1 result=score epsilon=0.3758 reward=-5.0000 loss=28.756193161010742
round=1 score=-3 result=score epsilon=0.3745 reward=-15.0000 loss=31.713027954101562
round=1 score=2 result=score epsilon=0.3732 reward=10.0000 loss=27.159257888793945
round=1 score=-2 result=score epsilon=0.3719 reward=-10.0000 loss=25.312992095947266
round=1 score=-1 result=score epsilon=0.3706 reward=-5.0000 loss=28.143861770629883
round=1 score=-2 result=score epsilon=0.3694 reward=-10.0000 loss=21.678646087646484
round=1 score=-1 result=score epsilon=0.3681 reward=-5.0000 loss=27.953800201416016
round=1 score=-2 result=score epsilon=0.3668 reward=-10.0000 loss=24.185009002685547
round=1 score=-2 result=score epsilon=0.3655 reward=-10.0000 loss=27.48335838317871
round=1 score=1 result=score epsilon=0.3642 reward=5.0000 loss=33.80182647705078
round=1 score=1 result=score epsilon=0.3630 reward=5.0000 loss=26.003150939941406
round=1 score=1 result=score epsilon=0.3617 reward=5.0000 loss=26.30645751953125
round=1 score=-2 result=score epsilon=0.3604 reward=-10.0000 loss=24.985872268676758
round=1 score=1 result=score epsilon=0.3591 reward=5.0000 loss=25.036190032958984
round=1 score=2 result=score epsilon=0.3578 reward=10.0000 loss=28.528934478759766
round=1 score=2 result=score epsilon=0.3566 reward=10.0000 loss=20.051067352294922
round=1 score=1 result=score epsilon=0.3553 reward=5.0000 loss=31.480464935302734
round=1 score=-1 result=score epsilon=0.3540 reward=-5.0000 loss=40.507503509521484
round=1 score=1 result=score epsilon=0.3527 reward=5.0000 loss=29.549957275390625
round=1 score=-1 result=score epsilon=0.3514 reward=-5.0000 loss=29.48851776123047
round=1 score=-1 result=score epsilon=0.3502 reward=-5.0000 loss=33.83196258544922
round=1 score=-1 result=score epsilon=0.3489 reward=-5.0000 loss=33.059959411621094
round=1 score=-4 result=score epsilon=0.3476 reward=-20.0000 loss=30.63353157043457
round=1 score=-2 result=score epsilon=0.3463 reward=-10.0000 loss=25.044979095458984
round=1 score=4 result=score epsilon=0.3450 reward=20.0000 loss=29.727142333984375
round=1 score=1 result=score epsilon=0.3438 reward=5.0000 loss=49.18954849243164
round=1 score=1 result=score epsilon=0.3425 reward=5.0000 loss=23.028398513793945
round=1 score=-1 result=score epsilon=0.3412 reward=-5.0000 loss=29.140657424926758
round=1 score=-1 result=score epsilon=0.3399 reward=-5.0000 loss=32.57966232299805
round=1 score=2 result=score epsilon=0.3386 reward=10.0000 loss=34.883338928222656
round=1 score=-1 result=score epsilon=0.3374 reward=-5.0000 loss=40.117225646972656
round=1 score=6 result=score epsilon=0.3361 reward=20.0000 loss=33.28654098510742
round=1 score=2 result=score epsilon=0.3348 reward=10.0000 loss=35.4548225402832
round=1 score=4 result=score epsilon=0.3335 reward=20.0000 loss=27.650516510009766
round=1 score=1 result=score epsilon=0.3322 reward=5.0000 loss=31.055587768554688
round=1 score=-2 result=score epsilon=0.3310 reward=-10.0000 loss=39.76617431640625
round=1 score=1 result=score epsilon=0.3297 reward=5.0000 loss=23.803003311157227
round=1 score=-1 result=score epsilon=0.3284 reward=-5.0000 loss=29.667072296142578
round=1 score=-1 result=score epsilon=0.3271 reward=-5.0000 loss=54.1871337890625
round=1 score=-2 result=score epsilon=0.3258 reward=-10.0000 loss=28.72052001953125
round=1 score=-1 result=score epsilon=0.3246 reward=-5.0000 loss=37.09125518798828
round=1 score=1 result=score epsilon=0.3233 reward=5.0000 loss=34.798988342285156
round=1 score=2 result=score epsilon=0.3220 reward=10.0000 loss=36.07926940917969
round=1 score=-3 result=score epsilon=0.3207 reward=-15.0000 loss=39.32176208496094
round=1 score=-1 result=score epsilon=0.3194 reward=-5.0000 loss=30.208669662475586
round=1 score=2 result=score epsilon=0.3182 reward=10.0000 loss=37.47361373901367
round=1 score=1 result=score epsilon=0.3169 reward=5.0000 loss=26.83548927307129
round=1 score=-2 result=score epsilon=0.3156 reward=-10.0000 loss=34.86524200439453
round=1 score=2 result=score epsilon=0.3143 reward=10.0000 loss=37.246063232421875
round=1 score=-1 result=score epsilon=0.3130 reward=-5.0000 loss=30.73971939086914
round=1 score=1 result=score epsilon=0.3118 reward=5.0000 loss=38.89076232910156
round=1 score=-1 result=score epsilon=0.3105 reward=-5.0000 loss=37.5687141418457
round=1 score=-1 result=score epsilon=0.3092 reward=-5.0000 loss=27.238685607910156
round=1 score=1 result=score epsilon=0.3079 reward=5.0000 loss=41.616416931152344
round=1 score=-1 result=score epsilon=0.3066 reward=-5.0000 loss=30.709999084472656
round=1 score=3 result=score epsilon=0.3054 reward=15.0000 loss=34.571693420410156
round=1 score=-1 result=score epsilon=0.3041 reward=-5.0000 loss=39.022396087646484
round=1 score=-1 result=score epsilon=0.3028 reward=-5.0000 loss=38.314308166503906
round=1 score=1 result=score epsilon=0.3015 reward=5.0000 loss=35.0559196472168
round=1 score=-1 result=score epsilon=0.3002 reward=-5.0000 loss=29.985797882080078
round=1 score=1 result=score epsilon=0.2990 reward=5.0000 loss=38.66580581665039
round=1 score=3 result=score epsilon=0.2977 reward=15.0000 loss=32.30302810668945
round=1 score=1 result=score epsilon=0.2964 reward=5.0000 loss=23.66268539428711
round=1 score=-1 result=score epsilon=0.2951 reward=-5.0000 loss=36.014739990234375
round=1 score=1 result=score epsilon=0.2938 reward=5.0000 loss=28.60495948791504
round=1 score=1 result=score epsilon=0.2926 reward=5.0000 loss=45.21855926513672
round=1 score=1 result=score epsilon=0.2913 reward=5.0000 loss=32.10260009765625
round=1 score=2 result=score epsilon=0.2900 reward=10.0000 loss=41.92179870605469
round=1 score=1 result=score epsilon=0.2887 reward=5.0000 loss=37.586669921875
round=1 score=-4 result=score epsilon=0.2874 reward=-20.0000 loss=40.20415496826172
round=1 score=1 result=score epsilon=0.2862 reward=5.0000 loss=35.52178192138672
round=1 score=1 result=score epsilon=0.2849 reward=5.0000 loss=33.790794372558594
round=1 score=1 result=score epsilon=0.2836 reward=5.0000 loss=32.79907989501953
round=1 score=-1 result=score epsilon=0.2823 reward=-5.0000 loss=39.957542419433594
round=1 score=-1 result=score epsilon=0.2810 reward=-5.0000 loss=47.33542251586914
round=1 score=1 result=score epsilon=0.2798 reward=5.0000 loss=43.51215744018555
round=1 score=-3 result=score epsilon=0.2785 reward=-15.0000 loss=42.74464416503906
round=1 score=1 result=score epsilon=0.2772 reward=5.0000 loss=43.00560760498047
round=1 score=-2 result=score epsilon=0.2759 reward=-10.0000 loss=43.18507766723633
round=1 score=2 result=score epsilon=0.2746 reward=10.0000 loss=41.339271545410156
round=1 score=-1 result=score epsilon=0.2734 reward=-5.0000 loss=36.98957061767578
round=1 score=-1 result=score epsilon=0.2721 reward=-5.0000 loss=42.723594665527344
round=1 score=3 result=score epsilon=0.2708 reward=15.0000 loss=30.957233428955078
round=1 score=-1 result=score epsilon=0.2695 reward=-5.0000 loss=39.59535217285156
round=1 score=1 result=score epsilon=0.2682 reward=5.0000 loss=41.00115966796875
round=1 score=-2 result=score epsilon=0.2670 reward=-10.0000 loss=45.78888702392578
round=1 score=1 result=score epsilon=0.2657 reward=5.0000 loss=37.12664794921875
round=1 score=1 result=score epsilon=0.2644 reward=5.0000 loss=28.03208351135254
round=1 score=-2 result=score epsilon=0.2631 reward=-10.0000 loss=29.654808044433594
round=1 score=2 result=score epsilon=0.2618 reward=10.0000 loss=46.78468322753906
round=1 score=1 result=score epsilon=0.2606 reward=5.0000 loss=36.84539031982422
round=1 score=-1 result=score epsilon=0.2593 reward=-5.0000 loss=41.7154426574707
round=1 score=-1 result=score epsilon=0.2580 reward=-5.0000 loss=31.13538360595703
round=1 score=-1 result=score epsilon=0.2567 reward=-5.0000 loss=39.476444244384766
round=1 score=1 result=score epsilon=0.2554 reward=5.0000 loss=44.93906784057617
round=1 score=2 result=score epsilon=0.2542 reward=10.0000 loss=43.76811981201172
round=1 score=1 result=score epsilon=0.2529 reward=5.0000 loss=37.980186462402344
round=1 score=2 result=score epsilon=0.2516 reward=10.0000 loss=33.88356018066406
round=1 score=-3 result=score epsilon=0.2503 reward=-15.0000 loss=40.24161148071289
round=1 score=1 result=score epsilon=0.2490 reward=5.0000 loss=37.855133056640625
round=1 score=-3 result=score epsilon=0.2478 reward=-15.0000 loss=31.18195343017578
round=1 score=2 result=score epsilon=0.2465 reward=10.0000 loss=35.59657287597656
round=1 score=1 result=score epsilon=0.2452 reward=5.0000 loss=31.55631446838379
round=1 score=2 result=score epsilon=0.2439 reward=10.0000 loss=41.46244812011719
round=1 score=1 result=score epsilon=0.2426 reward=5.0000 loss=41.40684509277344
round=1 score=2 result=score epsilon=0.2414 reward=10.0000 loss=43.29730987548828
round=1 score=-1 result=score epsilon=0.2401 reward=-5.0000 loss=36.63304901123047
round=1 score=5 result=score epsilon=0.2388 reward=20.0000 loss=40.20130920410156
round=1 score=-1 result=score epsilon=0.2375 reward=-5.0000 loss=45.839088439941406
round=1 score=-2 result=score epsilon=0.2362 reward=-10.0000 loss=35.34737777709961
round=1 score=1 result=score epsilon=0.2350 reward=5.0000 loss=37.33899688720703
round=1 score=1 result=score epsilon=0.2337 reward=5.0000 loss=39.9879150390625
round=1 score=-1 result=score epsilon=0.2324 reward=-5.0000 loss=44.22722244262695
round=1 score=-4 result=score epsilon=0.2311 reward=-20.0000 loss=33.04484176635742
round=1 score=-4 result=score epsilon=0.2298 reward=-20.0000 loss=29.413257598876953
round=1 score=1 result=score epsilon=0.2286 reward=5.0000 loss=31.36172103881836
round=1 score=1 result=score epsilon=0.2273 reward=5.0000 loss=33.242733001708984
round=1 score=1 result=score epsilon=0.2260 reward=5.0000 loss=39.98457336425781
round=1 score=-1 result=score epsilon=0.2247 reward=-5.0000 loss=41.24647521972656
round=1 score=1 result=score epsilon=0.2234 reward=5.0000 loss=51.991031646728516
round=1 score=-1 result=score epsilon=0.2222 reward=-5.0000 loss=38.08015441894531
round=1 score=-1 result=score epsilon=0.2209 reward=-5.0000 loss=40.12004089355469
round=1 score=1 result=score epsilon=0.2196 reward=5.0000 loss=40.37554931640625
round=1 score=-1 result=score epsilon=0.2183 reward=-5.0000 loss=31.673839569091797
round=1 score=-3 result=score epsilon=0.2170 reward=-15.0000 loss=41.857086181640625
round=1 score=-4 result=score epsilon=0.2158 reward=-20.0000 loss=44.01384735107422
round=1 score=-4 result=score epsilon=0.2145 reward=-20.0000 loss=30.966716766357422
round=1 score=1 result=score epsilon=0.2132 reward=5.0000 loss=29.512298583984375
round=1 score=2 result=score epsilon=0.2119 reward=10.0000 loss=41.66838073730469
round=1 score=1 result=score epsilon=0.2106 reward=5.0000 loss=43.22808074951172
round=1 score=3 result=score epsilon=0.2094 reward=15.0000 loss=28.91132164001465
round=1 score=3 result=score epsilon=0.2081 reward=15.0000 loss=36.49317169189453
round=1 score=-2 result=score epsilon=0.2068 reward=-10.0000 loss=47.267234802246094
round=1 score=1 result=score epsilon=0.2055 reward=5.0000 loss=31.11994171142578
round=1 score=1 result=score epsilon=0.2042 reward=5.0000 loss=30.62816047668457
round=1 score=-1 result=score epsilon=0.2030 reward=-5.0000 loss=52.185279846191406
round=1 score=-2 result=score epsilon=0.2017 reward=-10.0000 loss=43.08727264404297
round=1 score=-1 result=score epsilon=0.2004 reward=-5.0000 loss=50.40312194824219
round=1 score=-1 result=score epsilon=0.1991 reward=-5.0000 loss=40.27299499511719
round=1 score=2 result=score epsilon=0.1978 reward=10.0000 loss=35.80180358886719
round=1 score=3 result=score epsilon=0.1966 reward=15.0000 loss=41.5783805847168
round=1 score=-1 result=score epsilon=0.1953 reward=-5.0000 loss=33.16728591918945
round=1 score=4 result=score epsilon=0.1940 reward=20.0000 loss=37.028167724609375
round=1 score=-1 result=score epsilon=0.1927 reward=-5.0000 loss=34.04219055175781
round=1 score=-1 result=score epsilon=0.1914 reward=-5.0000 loss=47.13367462158203
round=1 score=2 result=score epsilon=0.1902 reward=10.0000 loss=40.46479415893555
round=1 score=-5 result=score epsilon=0.1889 reward=-20.0000 loss=45.06206130981445
round=1 score=-6 result=score epsilon=0.1876 reward=-20.0000 loss=31.099628448486328
round=1 score=-1 result=score epsilon=0.1863 reward=-5.0000 loss=44.271934509277344
round=1 score=2 result=score epsilon=0.1850 reward=10.0000 loss=43.258033752441406
round=1 score=2 result=score epsilon=0.1838 reward=10.0000 loss=34.802940368652344
round=1 score=-2 result=score epsilon=0.1825 reward=-10.0000 loss=41.18507385253906
round=1 score=-2 result=score epsilon=0.1812 reward=-10.0000 loss=30.175636291503906
round=1 score=1 result=score epsilon=0.1799 reward=5.0000 loss=48.93528747558594
round=1 score=-1 result=score epsilon=0.1786 reward=-5.0000 loss=43.676544189453125
round=1 score=1 result=score epsilon=0.1774 reward=5.0000 loss=44.338783264160156
round=1 score=1 result=score epsilon=0.1761 reward=5.0000 loss=37.99030303955078
round=1 score=1 result=score epsilon=0.1748 reward=5.0000 loss=38.58087158203125
round=1 score=1 result=score epsilon=0.1735 reward=5.0000 loss=35.97487258911133
round=1 score=-1 result=score epsilon=0.1722 reward=-5.0000 loss=31.52374839782715
round=1 score=-2 result=score epsilon=0.1710 reward=-10.0000 loss=39.59107971191406
round=1 score=1 result=score epsilon=0.1697 reward=5.0000 loss=29.801177978515625
round=1 score=2 result=score epsilon=0.1684 reward=10.0000 loss=40.51698303222656
round=1 score=3 result=score epsilon=0.1671 reward=15.0000 loss=39.239830017089844
round=1 score=-3 result=score epsilon=0.1658 reward=-15.0000 loss=47.50889587402344
round=1 score=1 result=score epsilon=0.1646 reward=5.0000 loss=37.15708923339844
round=1 score=1 result=score epsilon=0.1633 reward=5.0000 loss=43.6274528503418
round=1 score=-1 result=score epsilon=0.1620 reward=-5.0000 loss=32.16351318359375
round=1 score=-1 result=score epsilon=0.1607 reward=-5.0000 loss=45.6900749206543
round=1 score=-4 result=score epsilon=0.1594 reward=-20.0000 loss=34.136924743652344
round=1 score=-1 result=score epsilon=0.1582 reward=-5.0000 loss=36.92287063598633
round=1 score=1 result=score epsilon=0.1569 reward=5.0000 loss=25.7003173828125
round=1 score=-1 result=score epsilon=0.1556 reward=-5.0000 loss=48.3938102722168
round=1 score=2 result=score epsilon=0.1543 reward=10.0000 loss=37.313377380371094
round=1 score=-1 result=score epsilon=0.1530 reward=-5.0000 loss=47.48219299316406
round=1 score=2 result=score epsilon=0.1518 reward=10.0000 loss=34.81678009033203
round=1 score=-6 result=score epsilon=0.1505 reward=-20.0000 loss=35.123085021972656
round=1 score=1 result=score epsilon=0.1492 reward=5.0000 loss=42.71343231201172
round=1 score=-2 result=score epsilon=0.1479 reward=-10.0000 loss=32.808135986328125
round=1 score=-1 result=score epsilon=0.1466 reward=-5.0000 loss=38.48954772949219
round=1 score=-1 result=score epsilon=0.1454 reward=-5.0000 loss=43.17019271850586
round=1 score=1 result=score epsilon=0.1441 reward=5.0000 loss=36.55096435546875
round=1 score=-3 result=score epsilon=0.1428 reward=-15.0000 loss=35.528297424316406
round=1 score=1 result=score epsilon=0.1415 reward=5.0000 loss=51.543785095214844
round=1 score=-2 result=score epsilon=0.1402 reward=-10.0000 loss=40.70151901245117
round=1 score=-1 result=score epsilon=0.1390 reward=-5.0000 loss=43.97611618041992
round=1 score=-1 result=score epsilon=0.1377 reward=-5.0000 loss=45.31309127807617
round=1 score=-1 result=score epsilon=0.1364 reward=-5.0000 loss=37.28663635253906
round=1 score=-1 result=score epsilon=0.1351 reward=-5.0000 loss=38.63832092285156
round=1 score=3 result=score epsilon=0.1338 reward=15.0000 loss=40.787803649902344
round=1 score=4 result=score epsilon=0.1326 reward=20.0000 loss=33.23472595214844
round=1 score=1 result=score epsilon=0.1313 reward=5.0000 loss=44.69526672363281
round=1 score=1 result=score epsilon=0.1300 reward=5.0000 loss=36.24860763549805
round=1 score=1 result=score epsilon=0.1287 reward=5.0000 loss=43.98230743408203
round=1 score=2 result=score epsilon=0.1274 reward=10.0000 loss=37.119384765625
round=1 score=-3 result=score epsilon=0.1262 reward=-15.0000 loss=41.65447235107422
round=1 score=1 result=score epsilon=0.1249 reward=5.0000 loss=43.863990783691406
round=1 score=1 result=score epsilon=0.1236 reward=5.0000 loss=44.80693054199219
round=1 score=1 result=score epsilon=0.1223 reward=5.0000 loss=38.988929748535156
round=1 score=2 result=score epsilon=0.1210 reward=10.0000 loss=37.96983337402344
round=1 score=-5 result=score epsilon=0.1198 reward=-20.0000 loss=50.819602966308594
round=1 score=-1 result=score epsilon=0.1185 reward=-5.0000 loss=51.476318359375
round=1 score=-1 result=score epsilon=0.1172 reward=-5.0000 loss=40.97057342529297
round=1 score=2 result=score epsilon=0.1159 reward=10.0000 loss=37.80848693847656
round=1 score=4 result=score epsilon=0.1146 reward=20.0000 loss=44.07901382446289
round=1 score=-1 result=score epsilon=0.1134 reward=-5.0000 loss=49.13233947753906
round=1 score=1 result=score epsilon=0.1121 reward=5.0000 loss=56.577232360839844
round=1 score=1 result=score epsilon=0.1108 reward=5.0000 loss=41.71271514892578
round=1 score=2 result=score epsilon=0.1095 reward=10.0000 loss=43.333213806152344
round=1 score=-2 result=score epsilon=0.1082 reward=-10.0000 loss=31.572994232177734
round=1 score=-1 result=score epsilon=0.1070 reward=-5.0000 loss=42.72516632080078
round=1 score=-1 result=score epsilon=0.1057 reward=-5.0000 loss=39.440364837646484
round=1 score=-1 result=score epsilon=0.1044 reward=-5.0000 loss=37.90776824951172
round=1 score=3 result=score epsilon=0.1031 reward=15.0000 loss=38.186763763427734
round=1 score=-1 result=score epsilon=0.1018 reward=-5.0000 loss=28.221641540527344
round=1 score=-2 result=score epsilon=0.1006 reward=-10.0000 loss=42.03057861328125
round=1 score=1 result=score epsilon=0.0993 reward=5.0000 loss=40.009063720703125
round=1 score=1 result=score epsilon=0.0980 reward=5.0000 loss=40.605224609375
round=1 score=1 result=score epsilon=0.0967 reward=5.0000 loss=44.17083740234375
round=1 score=1 result=score epsilon=0.0954 reward=5.0000 loss=44.11824417114258
round=1 score=5 result=score epsilon=0.0942 reward=20.0000 loss=44.63209533691406
round=1 score=-3 result=score epsilon=0.0929 reward=-15.0000 loss=29.839773178100586
round=1 score=-2 result=score epsilon=0.0916 reward=-10.0000 loss=30.172649383544922
round=1 score=-1 result=score epsilon=0.0903 reward=-5.0000 loss=37.4567985534668
round=1 score=1 result=score epsilon=0.0890 reward=5.0000 loss=36.01383972167969
round=1 score=3 result=score epsilon=0.0878 reward=15.0000 loss=44.640960693359375
round=1 score=-1 result=score epsilon=0.0865 reward=-5.0000 loss=36.820533752441406
round=1 score=3 result=score epsilon=0.0852 reward=15.0000 loss=40.209922790527344
round=1 score=5 result=score epsilon=0.0839 reward=20.0000 loss=43.64793395996094
round=1 score=1 result=score epsilon=0.0826 reward=5.0000 loss=43.160972595214844
round=1 score=1 result=score epsilon=0.0814 reward=5.0000 loss=38.95099639892578
round=1 score=-1 result=score epsilon=0.0801 reward=-5.0000 loss=45.50325393676758
round=1 score=-1 result=score epsilon=0.0788 reward=-5.0000 loss=41.58032989501953
round=1 score=1 result=score epsilon=0.0775 reward=5.0000 loss=41.193145751953125
round=1 score=3 result=score epsilon=0.0762 reward=15.0000 loss=42.43799591064453
round=1 score=-1 result=score epsilon=0.0750 reward=-5.0000 loss=37.6403694152832
round=1 score=1 result=score epsilon=0.0737 reward=5.0000 loss=50.863037109375
round=1 score=-1 result=score epsilon=0.0724 reward=-5.0000 loss=39.2457275390625
round=1 score=1 result=score epsilon=0.0711 reward=5.0000 loss=37.546016693115234
round=1 score=4 result=score epsilon=0.0698 reward=20.0000 loss=42.69462585449219
round=1 score=-1 result=score epsilon=0.0686 reward=-5.0000 loss=40.28343963623047
round=1 score=2 result=score epsilon=0.0673 reward=10.0000 loss=41.239627838134766
round=1 score=2 result=score epsilon=0.0660 reward=10.0000 loss=31.245723724365234
round=1 score=1 result=score epsilon=0.0647 reward=5.0000 loss=33.7226448059082
round=1 score=-3 result=score epsilon=0.0634 reward=-15.0000 loss=48.082557678222656
round=1 score=1 result=score epsilon=0.0622 reward=5.0000 loss=39.143959045410156
round=1 score=-4 result=score epsilon=0.0609 reward=-20.0000 loss=44.82921600341797
round=1 score=2 result=score epsilon=0.0596 reward=10.0000 loss=40.2666130065918
round=1 score=1 result=score epsilon=0.0583 reward=5.0000 loss=47.310218811035156
round=1 score=1 result=score epsilon=0.0570 reward=5.0000 loss=44.36309814453125
round=1 score=-1 result=score epsilon=0.0558 reward=-5.0000 loss=45.68915939331055
round=1 score=1 result=score epsilon=0.0545 reward=5.0000 loss=43.61730194091797
round=1 score=1 result=score epsilon=0.0532 reward=5.0000 loss=43.56526184082031
round=1 score=5 result=score epsilon=0.0519 reward=20.0000 loss=39.81768035888672
round=1 score=5 result=score epsilon=0.0506 reward=20.0000 loss=41.85896682739258
round=1 score=-1 result=score epsilon=0.0500 reward=-5.0000 loss=39.82931137084961
round=1 score=-1 result=score epsilon=0.0500 reward=-5.0000 loss=43.82439422607422
round=1 score=1 result=score epsilon=0.0500 reward=5.0000 loss=39.57700729370117
round=1 score=2 result=score epsilon=0.0500 reward=10.0000 loss=42.31046676635742
round=1 score=3 result=score epsilon=0.0500 reward=15.0000 loss=43.01470947265625
round=1 score=-1 result=score epsilon=0.0500 reward=-5.0000 loss=42.37342834472656
round=1 score=-2 result=score epsilon=0.0500 reward=-10.0000 loss=36.24058532714844
round=1 score=1 result=score epsilon=0.0500 reward=5.0000 loss=47.74001693725586
round=1 score=3 result=score epsilon=0.0500 reward=15.0000 loss=47.099578857421875
round=1 score=1 result=score epsilon=0.0500 reward=5.0000 loss=36.84051513671875
round=1 score=2 result=score epsilon=0.0500 reward=10.0000 loss=35.280033111572266
round=1 score=1 result=score epsilon=0.0500 reward=5.0000 loss=48.61024475097656
round=1 score=1 result=score epsilon=0.0500 reward=5.0000 loss=33.125946044921875
round=1 score=-2 result=score epsilon=0.0500 reward=-10.0000 loss=48.537940979003906
round=1 score=1 result=score epsilon=0.0500 reward=5.0000 loss=37.07848358154297
round=1 score=-2 result=score epsilon=0.0500 reward=-10.0000 loss=31.97422981262207
round=1 score=-1 result=score epsilon=0.0500 reward=-5.0000 loss=38.43958282470703
round=1 score=-2 result=score epsilon=0.0500 reward=-10.0000 loss=50.28325653076172
round=1 score=-1 result=score epsilon=0.0500 reward=-5.0000 loss=40.37371063232422
round=1 score=-3 result=score epsilon=0.0500 reward=-15.0000 loss=37.22733688354492
round=1 score=1 result=score epsilon=0.0500 reward=5.0000 loss=38.25870895385742
round=1 score=1 result=score epsilon=0.0500 reward=5.0000 loss=34.429176330566406
round=1 score=1 result=score epsilon=0.0500 reward=5.0000 loss=40.2958984375
round=1 score=5 result=score epsilon=0.0500 reward=20.0000 loss=38.69547653198242
round=1 score=1 result=score epsilon=0.0500 reward=5.0000 loss=39.397254943847656
round=1 score=4 result=score epsilon=0.0500 reward=20.0000 loss=49.58788299560547
round=1 score=1 result=score epsilon=0.0500 reward=5.0000 loss=48.72746658325195
round=1 score=-2 result=score epsilon=0.0500 reward=-10.0000 loss=38.89323043823242
round=1 score=-2 result=score epsilon=0.0500 reward=-10.0000 loss=40.76378631591797
round=1 score=-1 result=score epsilon=0.0500 reward=-5.0000 loss=39.168190002441406
round=1 score=2 result=score epsilon=0.0500 reward=10.0000 loss=49.587364196777344
round=1 score=-3 result=score epsilon=0.0500 reward=-15.0000 loss=37.589778900146484
round=1 score=-2 result=score epsilon=0.0500 reward=-10.0000 loss=41.831085205078125
round=1 score=-1 result=score epsilon=0.0500 reward=-5.0000 loss=40.028533935546875
round=1 score=1 result=score epsilon=0.0500 reward=5.0000 loss=34.89839553833008
round=1 score=1 result=score epsilon=0.0500 reward=5.0000 loss=55.290809631347656
round=1 score=1 result=score epsilon=0.0500 reward=5.0000 loss=41.6497688293457
round=1 score=1 result=score epsilon=0.0500 reward=5.0000 loss=39.984222412109375
round=1 score=1 result=score epsilon=0.0500 reward=5.0000 loss=36.930145263671875
round=1 score=1 result=score epsilon=0.0500 reward=5.0000 loss=41.339012145996094
round=1 score=1 result=score epsilon=0.0500 reward=5.0000 loss=31.300981521606445
round=1 score=-1 result=score epsilon=0.0500 reward=-5.0000 loss=34.3931884765625
round=1 score=-2 result=score epsilon=0.0500 reward=-10.0000 loss=42.263206481933594
round=1 score=-4 result=score epsilon=0.0500 reward=-20.0000 loss=45.20429611206055
round=1 score=1 result=score epsilon=0.0500 reward=5.0000 loss=39.93827819824219
round=1 score=2 result=score epsilon=0.0500 reward=10.0000 loss=43.198280334472656
round=1 score=-2 result=score epsilon=0.0500 reward=-10.0000 loss=52.47161102294922
round=1 score=1 result=score epsilon=0.0500 reward=5.0000 loss=46.26238250732422
round=1 score=1 result=score epsilon=0.0500 reward=5.0000 loss=43.91347885131836
round=1 score=-1 result=score epsilon=0.0500 reward=-5.0000 loss=38.31706619262695
round=1 score=1 result=score epsilon=0.0500 reward=5.0000 loss=44.95770263671875
round=1 score=1 result=score epsilon=0.0500 reward=5.0000 loss=37.48065948486328
round=1 score=1 result=score epsilon=0.0500 reward=5.0000 loss=48.97653579711914
round=1 score=-3 result=score epsilon=0.0500 reward=-15.0000 loss=44.14039611816406
round=1 score=-1 result=score epsilon=0.0500 reward=-5.0000 loss=37.738502502441406
round=1 score=-1 result=score epsilon=0.0500 reward=-5.0000 loss=39.59012222290039
round=1 score=-3 result=score epsilon=0.0500 reward=-15.0000 loss=36.48833465576172
round=1 score=-2 result=score epsilon=0.0500 reward=-10.0000 loss=44.84174728393555
round=1 score=-5 result=score epsilon=0.0500 reward=-20.0000 loss=47.485050201416016
round=1 score=-1 result=score epsilon=0.0500 reward=-5.0000 loss=45.13737487792969
round=1 score=1 result=score epsilon=0.0500 reward=5.0000 loss=43.84016799926758
round=1 score=2 result=score epsilon=0.0500 reward=10.0000 loss=39.640357971191406
round=1 score=1 result=score epsilon=0.0500 reward=5.0000 loss=51.87989807128906
round=1 score=-2 result=score epsilon=0.0500 reward=-10.0000 loss=44.255393981933594
round=1 score=3 result=score epsilon=0.0500 reward=15.0000 loss=44.56956481933594
round=1 score=-1 result=score epsilon=0.0500 reward=-5.0000 loss=37.90431213378906
round=1 score=1 result=score epsilon=0.0500 reward=5.0000 loss=34.518096923828125
round=1 score=1 result=score epsilon=0.0500 reward=5.0000 loss=41.08013153076172
round=1 score=-2 result=score epsilon=0.0500 reward=-10.0000 loss=37.118797302246094
round=1 score=2 result=score epsilon=0.0500 reward=10.0000 loss=40.731468200683594
round=1 score=-4 result=score epsilon=0.0500 reward=-20.0000 loss=43.14555358886719
round=1 score=3 result=score epsilon=0.0500 reward=15.0000 loss=40.19170379638672
round=1 score=1 result=score epsilon=0.0500 reward=5.0000 loss=40.481773376464844
round=1 score=1 result=score epsilon=0.0500 reward=5.0000 loss=38.5902099609375
round=1 score=1 result=score epsilon=0.0500 reward=5.0000 loss=53.316715240478516
round=1 score=1 result=score epsilon=0.0500 reward=5.0000 loss=42.348915100097656
round=1 score=2 result=score epsilon=0.0500 reward=10.0000 loss=36.21185302734375
round=1 score=1 result=score epsilon=0.0500 reward=5.0000 loss=41.12421417236328
round=1 score=1 result=score epsilon=0.0500 reward=5.0000 loss=41.648860931396484
round=1 score=-2 result=score epsilon=0.0500 reward=-10.0000 loss=41.497154235839844
round=1 score=-1 result=score epsilon=0.0500 reward=-5.0000 loss=42.59803771972656
round=1 score=-2 result=score epsilon=0.0500 reward=-10.0000 loss=38.69158935546875
round=1 score=1 result=score epsilon=0.0500 reward=5.0000 loss=49.31263732910156
round=1 score=2 result=score epsilon=0.0500 reward=10.0000 loss=48.15504455566406
round=1 score=1 result=score epsilon=0.0500 reward=5.0000 loss=38.60185623168945
round=1 score=-1 result=score epsilon=0.0500 reward=-5.0000 loss=47.463035583496094
round=1 score=2 result=score epsilon=0.0500 reward=10.0000 loss=51.06037521362305
round=1 score=-3 result=score epsilon=0.0500 reward=-15.0000 loss=44.85893249511719
round=1 score=1 result=score epsilon=0.0500 reward=5.0000 loss=46.07710266113281
round=1 score=2 result=score epsilon=0.0500 reward=10.0000 loss=41.48772430419922
round=1 score=4 result=score epsilon=0.0500 reward=20.0000 loss=40.79587936401367
round=1 score=1 result=score epsilon=0.0500 reward=5.0000 loss=40.2580451965332
round=1 score=-5 result=score epsilon=0.0500 reward=-20.0000 loss=45.44649124145508
round=1 score=-1 result=score epsilon=0.0500 reward=-5.0000 loss=38.54718780517578
round=1 score=-1 result=score epsilon=0.0500 reward=-5.0000 loss=56.991275787353516
round=1 score=-1 result=score epsilon=0.0500 reward=-5.0000 loss=48.18225860595703
round=1 score=4 result=score epsilon=0.0500 reward=20.0000 loss=46.72352600097656
round=1 score=1 result=score epsilon=0.0500 reward=5.0000 loss=40.415443420410156
round=1 score=4 result=score epsilon=0.0500 reward=20.0000 loss=42.22032165527344
round=1 score=1 result=score epsilon=0.0500 reward=5.0000 loss=35.41645431518555
round=1 score=-2 result=score epsilon=0.0500 reward=-10.0000 loss=49.206764221191406
round=1 score=-4 result=score epsilon=0.0500 reward=-20.0000 loss=37.991493225097656
round=1 score=3 result=score epsilon=0.0500 reward=15.0000 loss=39.06744384765625
round=1 score=3 result=score epsilon=0.0500 reward=15.0000 loss=44.433170318603516
round=1 score=-2 result=score epsilon=0.0500 reward=-10.0000 loss=34.53520584106445
round=1 score=-2 result=score epsilon=0.0500 reward=-10.0000 loss=44.91769790649414
round=1 score=-1 result=score epsilon=0.0500 reward=-5.0000 loss=40.073768615722656
round=1 score=3 result=score epsilon=0.0500 reward=15.0000 loss=39.396873474121094
round=1 score=1 result=score epsilon=0.0500 reward=5.0000 loss=44.32407760620117
round=1 score=-1 result=score epsilon=0.0500 reward=-5.0000 loss=42.31742858886719
round=1 score=2 result=score epsilon=0.0500 reward=10.0000 loss=42.7972526550293
round=1 score=-2 result=score epsilon=0.0500 reward=-10.0000 loss=42.66265869140625
round=1 score=1 result=score epsilon=0.0500 reward=5.0000 loss=52.98667526245117
round=1 score=1 result=score epsilon=0.0500 reward=5.0000 loss=48.45001220703125
round=1 score=-1 result=score epsilon=0.0500 reward=-5.0000 loss=42.11058807373047
round=1 score=-2 result=score epsilon=0.0500 reward=-10.0000 loss=39.150657653808594
round=1 score=-1 result=score epsilon=0.0500 reward=-5.0000 loss=45.951446533203125
round=1 score=1 result=score epsilon=0.0500 reward=5.0000 loss=42.930206298828125
round=1 score=-1 result=score epsilon=0.0500 reward=-5.0000 loss=40.624778747558594
round=1 score=-2 result=score epsilon=0.0500 reward=-10.0000 loss=45.8359375
round=1 score=1 result=score epsilon=0.0500 reward=5.0000 loss=46.257659912109375
round=1 score=-1 result=score epsilon=0.0500 reward=-5.0000 loss=38.322265625
round=1 score=-1 result=score epsilon=0.0500 reward=-5.0000 loss=40.95238494873047
round=1 score=1 result=score epsilon=0.0500 reward=5.0000 loss=39.29270935058594
round=1 score=-3 result=score epsilon=0.0500 reward=-15.0000 loss=39.653663635253906
round=1 score=1 result=score epsilon=0.0500 reward=5.0000 loss=41.60728454589844
round=1 score=3 result=score epsilon=0.0500 reward=15.0000 loss=42.29985046386719
round=1 score=-3 result=score epsilon=0.0500 reward=-15.0000 loss=35.72129821777344
round=1 score=1 result=score epsilon=0.0500 reward=5.0000 loss=43.17817306518555
round=1 score=1 result=score epsilon=0.0500 reward=5.0000 loss=48.61907958984375
round=1 score=-2 result=score epsilon=0.0500 reward=-10.0000 loss=46.362850189208984
round=1 score=-1 result=score epsilon=0.0500 reward=-5.0000 loss=52.66252517700195
round=1 score=1 result=score epsilon=0.0500 reward=5.0000 loss=49.52042770385742
round=1 score=2 result=score epsilon=0.0500 reward=10.0000 loss=41.9627799987793
round=1 score=1 result=score epsilon=0.0500 reward=5.0000 loss=55.857872009277344
round=1 score=1 result=score epsilon=0.0500 reward=5.0000 loss=49.197113037109375
round=1 score=-1 result=score epsilon=0.0500 reward=-5.0000 loss=42.565189361572266
round=1 score=1 result=score epsilon=0.0500 reward=5.0000 loss=35.757789611816406
round=1 score=2 result=score epsilon=0.0500 reward=10.0000 loss=42.170047760009766
round=1 score=1 result=score epsilon=0.0500 reward=5.0000 loss=38.76100158691406
round=1 score=1 result=score epsilon=0.0500 reward=5.0000 loss=41.10694885253906
round=1 score=-2 result=score epsilon=0.0500 reward=-10.0000 loss=44.578617095947266
round=1 score=1 result=score epsilon=0.0500 reward=5.0000 loss=46.92780685424805
round=1 score=-1 result=score epsilon=0.0500 reward=-5.0000 loss=42.29561996459961
round=1 score=1 result=score epsilon=0.0500 reward=5.0000 loss=38.88209533691406
round=1 score=-2 result=score epsilon=0.0500 reward=-10.0000 loss=51.24422073364258
round=1 score=1 result=score epsilon=0.0500 reward=5.0000 loss=46.12547302246094
round=1 score=-2 result=score epsilon=0.0500 reward=-10.0000 loss=41.7988166809082
round=1 score=-4 result=score epsilon=0.0500 reward=-20.0000 loss=47.36856460571289
round=1 score=-1 result=score epsilon=0.0500 reward=-5.0000 loss=41.94559097290039
round=1 score=-1 result=score epsilon=0.0500 reward=-5.0000 loss=47.012306213378906
round=1 score=-1 result=score epsilon=0.0500 reward=-5.0000 loss=52.36664581298828
round=1 score=-1 result=score epsilon=0.0500 reward=-5.0000 loss=38.95928955078125
round=1 score=-3 result=score epsilon=0.0500 reward=-15.0000 loss=41.52425003051758
round=1 score=-1 result=score epsilon=0.0500 reward=-5.0000 loss=47.62691879272461
round=1 score=-4 result=score epsilon=0.0500 reward=-20.0000 loss=39.904605865478516
round=1 score=1 result=score epsilon=0.0500 reward=5.0000 loss=42.51923751831055
round=1 score=3 result=score epsilon=0.0500 reward=15.0000 loss=41.964630126953125
round=1 score=-1 result=score epsilon=0.0500 reward=-5.0000 loss=49.11113739013672
round=1 score=-1 result=score epsilon=0.0500 reward=-5.0000 loss=39.26929473876953
round=1 score=2 result=score epsilon=0.0500 reward=10.0000 loss=48.157257080078125
round=1 score=-2 result=score epsilon=0.0500 reward=-10.0000 loss=39.535552978515625
round=1 score=-3 result=score epsilon=0.0500 reward=-15.0000 loss=43.884742736816406
round=1 score=-1 result=score epsilon=0.0500 reward=-5.0000 loss=46.98624801635742
round=1 score=-1 result=score epsilon=0.0500 reward=-5.0000 loss=50.57033157348633
round=1 score=-1 result=score epsilon=0.0500 reward=-5.0000 loss=41.169864654541016
round=1 score=1 result=score epsilon=0.0500 reward=5.0000 loss=34.56829071044922
round=1 score=-1 result=score epsilon=0.0500 reward=-5.0000 loss=47.057037353515625
round=1 score=-2 result=score epsilon=0.0500 reward=-10.0000 loss=45.201358795166016
round=1 score=1 result=score epsilon=0.0500 reward=5.0000 loss=41.78440856933594
round=1 score=4 result=score epsilon=0.0500 reward=20.0000 loss=45.021995544433594
round=1 score=-2 result=score epsilon=0.0500 reward=-10.0000 loss=48.94871139526367
round=1 score=3 result=score epsilon=0.0500 reward=15.0000 loss=40.86491012573242
round=1 score=4 result=score epsilon=0.0500 reward=20.0000 loss=42.228187561035156
round=1 score=-1 result=score epsilon=0.0500 reward=-5.0000 loss=53.38260269165039
round=1 score=1 result=score epsilon=0.0500 reward=5.0000 loss=41.606258392333984
round=1 score=3 result=score epsilon=0.0500 reward=15.0000 loss=48.466819763183594
round=1 score=-1 result=score epsilon=0.0500 reward=-5.0000 loss=42.49766540527344
round=1 score=1 result=score epsilon=0.0500 reward=5.0000 loss=43.64588165283203
round=1 score=-2 result=score epsilon=0.0500 reward=-10.0000 loss=41.49156188964844
round=1 score=2 result=score epsilon=0.0500 reward=10.0000 loss=52.50176239013672
round=1 score=1 result=score epsilon=0.0500 reward=5.0000 loss=42.844451904296875
round=1 score=2 result=score epsilon=0.0500 reward=10.0000 loss=53.734947204589844
round=1 score=-1 result=score epsilon=0.0500 reward=-5.0000 loss=44.20393753051758
round=1 score=1 result=score epsilon=0.0500 reward=5.0000 loss=52.34915542602539
round=1 score=-1 result=score epsilon=0.0500 reward=-5.0000 loss=38.74443054199219
round=1 score=1 result=score epsilon=0.0500 reward=5.0000 loss=54.793243408203125
round=1 score=-1 result=score epsilon=0.0500 reward=-5.0000 loss=43.871456146240234
